<?xml version="1.0" encoding="UTF-8"?>
<testsuite xmlns:xsi="http://www.w3.org/2001/XMLSchema-instance" xsi:noNamespaceSchemaLocation="https://maven.apache.org/surefire/maven-surefire-plugin/xsd/surefire-test-report.xsd" name="com.usb.AppTest" time="0.026" tests="1" errors="0" skipped="0" failures="0">
  <properties>
    <property name="java.specification.version" value="14"/>
    <property name="sun.cpu.isalist" value="amd64"/>
    <property name="sun.jnu.encoding" value="Cp1252"/>
    <property name="java.class.path" value="D:\java\usbworkspace\usbcom\usb\target\test-classes;D:\java\usbworkspace\usbcom\usb\target\classes;C:\Users\hitman\.m2\repository\junit\junit\4.11\junit-4.11.jar;C:\Users\hitman\.m2\repository\org\hamcrest\hamcrest-core\1.3\hamcrest-core-1.3.jar;C:\Users\hitman\.m2\repository\javax\usb\usb-api\1.0.2\usb-api-1.0.2.jar;C:\Users\hitman\.m2\repository\org\usb4java\usb4java-javax\1.3.0\usb4java-javax-1.3.0.jar;C:\Users\hitman\.m2\repository\org\apache\commons\commons-lang3\3.8.1\commons-lang3-3.8.1.jar;C:\Users\hitman\.m2\repository\org\usb4java\usb4java\1.3.0\usb4java-1.3.0.jar;C:\Users\hitman\.m2\repository\org\usb4java\libusb4java\1.3.0\libusb4java-1.3.0-linux-x86.jar;C:\Users\hitman\.m2\repository\org\usb4java\libusb4java\1.3.0\libusb4java-1.3.0-linux-x86-64.jar;C:\Users\hitman\.m2\repository\org\usb4java\libusb4java\1.3.0\libusb4java-1.3.0-win32-x86.jar;C:\Users\hitman\.m2\repository\org\usb4java\libusb4java\1.3.0\libusb4java-1.3.0-win32-x86-64.jar;C:\Users\hitman\.m2\repository\org\usb4java\libusb4java\1.3.0\libusb4java-1.3.0-darwin-x86-64.jar;C:\Users\hitman\.m2\repository\org\usb4java\libusb4java\1.3.0\libusb4java-1.3.0-linux-arm.jar;C:\Users\hitman\.m2\repository\org\usb4java\libusb4java\1.3.0\libusb4java-1.3.0-linux-aarch64.jar;"/>
    <property name="java.vm.vendor" value="Oracle Corporation"/>
    <property name="sun.arch.data.model" value="64"/>
    <property name="user.variant" value=""/>
    <property name="java.vendor.url" value="https://java.oracle.com/"/>
    <property name="user.timezone" value="Asia/Calcutta"/>
    <property name="os.name" value="Windows 10"/>
    <property name="java.vm.specification.version" value="14"/>
    <property name="sun.java.launcher" value="SUN_STANDARD"/>
    <property name="user.country" value="US"/>
    <property name="sun.boot.library.path" value="C:\Program Files\Java\jdk-14.0.1\bin"/>
    <property name="sun.java.command" value="C:\Users\hitman\AppData\Local\Temp\surefire62110976750522641\surefirebooter1538953215079894712.jar C:\Users\hitman\AppData\Local\Temp\surefire62110976750522641 2020-08-06T13-03-08_035-jvmRun1 surefire13040563970404467703tmp surefire_017562982683901865195tmp"/>
    <property name="jdk.debug" value="release"/>
    <property name="surefire.test.class.path" value="D:\java\usbworkspace\usbcom\usb\target\test-classes;D:\java\usbworkspace\usbcom\usb\target\classes;C:\Users\hitman\.m2\repository\junit\junit\4.11\junit-4.11.jar;C:\Users\hitman\.m2\repository\org\hamcrest\hamcrest-core\1.3\hamcrest-core-1.3.jar;C:\Users\hitman\.m2\repository\javax\usb\usb-api\1.0.2\usb-api-1.0.2.jar;C:\Users\hitman\.m2\repository\org\usb4java\usb4java-javax\1.3.0\usb4java-javax-1.3.0.jar;C:\Users\hitman\.m2\repository\org\apache\commons\commons-lang3\3.8.1\commons-lang3-3.8.1.jar;C:\Users\hitman\.m2\repository\org\usb4java\usb4java\1.3.0\usb4java-1.3.0.jar;C:\Users\hitman\.m2\repository\org\usb4java\libusb4java\1.3.0\libusb4java-1.3.0-linux-x86.jar;C:\Users\hitman\.m2\repository\org\usb4java\libusb4java\1.3.0\libusb4java-1.3.0-linux-x86-64.jar;C:\Users\hitman\.m2\repository\org\usb4java\libusb4java\1.3.0\libusb4java-1.3.0-win32-x86.jar;C:\Users\hitman\.m2\repository\org\usb4java\libusb4java\1.3.0\libusb4java-1.3.0-win32-x86-64.jar;C:\Users\hitman\.m2\repository\org\usb4java\libusb4java\1.3.0\libusb4java-1.3.0-darwin-x86-64.jar;C:\Users\hitman\.m2\repository\org\usb4java\libusb4java\1.3.0\libusb4java-1.3.0-linux-arm.jar;C:\Users\hitman\.m2\repository\org\usb4java\libusb4java\1.3.0\libusb4java-1.3.0-linux-aarch64.jar;"/>
    <property name="sun.cpu.endian" value="little"/>
    <property name="user.home" value="C:\Users\hitman"/>
    <property name="user.language" value="en"/>
    <property name="java.specification.vendor" value="Oracle Corporation"/>
    <property name="java.version.date" value="2020-04-14"/>
    <property name="java.home" value="C:\Program Files\Java\jdk-14.0.1"/>
    <property name="file.separator" value="\"/>
    <property name="basedir" value="D:\java\usbworkspace\usbcom\usb"/>
    <property name="java.vm.compressedOopsMode" value="Zero based"/>
    <property name="line.separator" value="&#10;"/>
    <property name="java.vm.specification.vendor" value="Oracle Corporation"/>
    <property name="java.specification.name" value="Java Platform API Specification"/>
    <property name="surefire.real.class.path" value="C:\Users\hitman\AppData\Local\Temp\surefire62110976750522641\surefirebooter1538953215079894712.jar"/>
    <property name="user.script" value=""/>
    <property name="sun.management.compiler" value="HotSpot 64-Bit Tiered Compilers"/>
    <property name="java.runtime.version" value="14.0.1+7"/>
    <property name="user.name" value="hitman"/>
    <property name="path.separator" value=";"/>
    <property name="os.version" value="10.0"/>
    <property name="java.runtime.name" value="Java(TM) SE Runtime Environment"/>
    <property name="file.encoding" value="Cp1252"/>
    <property name="java.vm.name" value="Java HotSpot(TM) 64-Bit Server VM"/>
    <property name="localRepository" value="C:\Users\hitman\.m2\repository"/>
    <property name="java.vendor.url.bug" value="https://bugreport.java.com/bugreport/"/>
    <property name="java.io.tmpdir" value="C:\Users\hitman\AppData\Local\Temp\"/>
    <property name="java.version" value="14.0.1"/>
    <property name="user.dir" value="D:\java\usbworkspace\usbcom\usb"/>
    <property name="os.arch" value="amd64"/>
    <property name="java.vm.specification.name" value="Java Virtual Machine Specification"/>
    <property name="sun.os.patch.level" value=""/>
    <property name="java.library.path" value="C:\Program Files\Java\jdk-14.0.1\bin;C:\WINDOWS\Sun\Java\bin;C:\WINDOWS\system32;C:\WINDOWS;C:/Program Files/Java/jdk-14.0.1/bin/server;C:/Program Files/Java/jdk-14.0.1/bin;C:\Program Files (x86)\Common Files\Oracle\Java\javapath;C:\Program Files (x86)\Intel\Intel(R) Management Engine Components\iCLS\;C:\Program Files\Intel\Intel(R) Management Engine Components\iCLS\;C:\Windows\system32;C:\Windows;C:\Windows\System32\Wbem;C:\Windows\System32\WindowsPowerShell\v1.0\;C:\Program Files (x86)\NVIDIA Corporation\PhysX\Common;C:\Program Files (x86)\Intel\Intel(R) Management Engine Components\DAL;C:\Program Files\Intel\Intel(R) Management Engine Components\DAL;C:\Program Files (x86)\Intel\Intel(R) Management Engine Components\IPT;C:\Program Files\Intel\Intel(R) Management Engine Components\IPT;C:\Program Files\PuTTY\;C:\WINDOWS\system32;C:\WINDOWS;C:\WINDOWS\System32\Wbem;C:\WINDOWS\System32\WindowsPowerShell\v1.0\;C:\WINDOWS\System32\OpenSSH\;C:\Program Files\Git\cmd;C:\Program Files\NVIDIA Corporation\NVIDIA NvDLISR;C:\WINDOWS\system32;C:\WINDOWS;C:\WINDOWS\System32\Wbem;C:\WINDOWS\System32\WindowsPowerShell\v1.0\;C:\WINDOWS\System32\OpenSSH\;C:\xampp\php;C:\ProgramData\ComposerSetup\bin;C:\Users\hitman\AppData\Local\Programs\Python\Python37\Scripts\;C:\Users\hitman\AppData\Local\Programs\Python\Python37\;C:\Users\hitman\AppData\Local\Programs\Python\Python37-32\Scripts\;C:\Users\hitman\AppData\Local\Programs\Python\Python37-32\;C:\Users\hitman\AppData\Local\Microsoft\WindowsApps;C:\Users\hitman\AppData\Local\atom\bin;C:\Users\hitman\AppData\Local\Microsoft\WindowsApps;C:\Users\hitman\AppData\Roaming\Composer\vendor\bin;C:\Users\hitman\AppData\Local\Programs\Microsoft VS Code\bin;C:\WINDOWS\System32;;."/>
    <property name="java.vm.info" value="mixed mode, sharing"/>
    <property name="java.vendor" value="Oracle Corporation"/>
    <property name="java.vm.version" value="14.0.1+7"/>
    <property name="sun.io.unicode.encoding" value="UnicodeLittle"/>
    <property name="java.class.version" value="58.0"/>
  </properties>
  <testcase name="shouldAnswerWithTrue" classname="com.usb.AppTest" time="0.001"/>
</testsuite>